<?xml version="1.0" encoding="UTF-8"?>
<testsuite name="ArduinoCar.LibraryTest" tests="1" skipped="0" failures="0" errors="0" timestamp="2022-06-17T10:14:07" hostname="Razer" time="0.001">
  <properties/>
  <testcase name="testSomeLibraryMethod" classname="ArduinoCar.LibraryTest" time="0.001"/>
  <system-out><![CDATA[]]></system-out>
  <system-err><![CDATA[]]></system-err>
</testsuite>
